{
  "RSpec": {
    "coverage": {
      "/home/pravin-karale/pravin/assignments/arrk/ISP/config/environment.rb": {
        "lines": [
          null,
          1,
          null,
          null,
          1
        ]
      },
      "/home/pravin-karale/pravin/assignments/arrk/ISP/config/application.rb": {
        "lines": [
          1,
          null,
          1,
          null,
          null,
          1,
          null,
          1,
          1,
          null,
          1,
          null,
          null,
          null,
          null,
          null,
          null,
          null
        ]
      },
      "/home/pravin-karale/pravin/assignments/arrk/ISP/config/boot.rb": {
        "lines": [
          1,
          null,
          1,
          1
        ]
      },
      "/home/pravin-karale/pravin/assignments/arrk/ISP/config/environments/test.rb": {
        "lines": [
          null,
          null,
          null,
          null,
          null,
          1,
          null,
          null,
          1,
          null,
          null,
          null,
          null,
          1,
          null,
          null,
          1,
          1,
          null,
          null,
          null,
          null,
          1,
          1,
          1,
          null,
          null,
          1,
          null,
          null,
          1,
          null,
          null,
          1,
          null,
          1,
          null,
          null,
          null,
          null,
          1,
          null,
          null,
          1,
          null,
          null,
          null,
          null
        ]
      },
      "/home/pravin-karale/pravin/assignments/arrk/ISP/config/initializers/application_controller_renderer.rb": {
        "lines": [
          null,
          null,
          null,
          null,
          null,
          null,
          null,
          null
        ]
      },
      "/home/pravin-karale/pravin/assignments/arrk/ISP/config/initializers/assets.rb": {
        "lines": [
          null,
          null,
          null,
          1,
          null,
          null,
          null,
          null,
          1,
          null,
          null,
          null,
          null,
          null
        ]
      },
      "/home/pravin-karale/pravin/assignments/arrk/ISP/config/initializers/backtrace_silencers.rb": {
        "lines": [
          null,
          null,
          null,
          null,
          null,
          null,
          null
        ]
      },
      "/home/pravin-karale/pravin/assignments/arrk/ISP/config/initializers/content_security_policy.rb": {
        "lines": [
          null,
          null,
          null,
          null,
          null,
          null,
          null,
          null,
          null,
          null,
          null,
          null,
          null,
          null,
          null,
          null,
          null,
          null,
          null,
          null,
          null,
          null,
          null,
          null,
          null,
          null,
          null,
          null,
          null,
          null
        ]
      },
      "/home/pravin-karale/pravin/assignments/arrk/ISP/config/initializers/cookies_serializer.rb": {
        "lines": [
          null,
          null,
          null,
          null,
          1
        ]
      },
      "/home/pravin-karale/pravin/assignments/arrk/ISP/config/initializers/filter_parameter_logging.rb": {
        "lines": [
          null,
          null,
          null,
          1
        ]
      },
      "/home/pravin-karale/pravin/assignments/arrk/ISP/config/initializers/inflections.rb": {
        "lines": [
          null,
          null,
          null,
          null,
          null,
          null,
          null,
          null,
          null,
          null,
          null,
          null,
          null,
          null,
          null,
          null
        ]
      },
      "/home/pravin-karale/pravin/assignments/arrk/ISP/config/initializers/mime_types.rb": {
        "lines": [
          null,
          null,
          null,
          null
        ]
      },
      "/home/pravin-karale/pravin/assignments/arrk/ISP/config/initializers/wrap_parameters.rb": {
        "lines": [
          null,
          null,
          null,
          null,
          null,
          null,
          1,
          2,
          null,
          null,
          null,
          null,
          null,
          null
        ]
      },
      "/home/pravin-karale/pravin/assignments/arrk/ISP/spec/factories/provider.rb": {
        "lines": [
          null,
          null,
          null,
          null,
          null,
          null,
          null,
          null,
          null,
          null,
          null,
          1,
          1,
          1,
          11,
          11,
          11,
          11,
          1,
          11,
          11,
          null,
          null
        ]
      },
      "/home/pravin-karale/pravin/assignments/arrk/ISP/config/routes.rb": {
        "lines": [
          1,
          1,
          1,
          null,
          1,
          1,
          null,
          1,
          null
        ]
      },
      "/home/pravin-karale/pravin/assignments/arrk/ISP/app/helpers/api/providers_helper.rb": {
        "lines": [
          1,
          null
        ]
      },
      "/home/pravin-karale/pravin/assignments/arrk/ISP/app/helpers/application_helper.rb": {
        "lines": [
          1,
          null
        ]
      },
      "/home/pravin-karale/pravin/assignments/arrk/ISP/app/helpers/providers_helper.rb": {
        "lines": [
          1,
          null
        ]
      },
      "/home/pravin-karale/pravin/assignments/arrk/ISP/app/controllers/api/providers_controller.rb": {
        "lines": [
          1,
          null,
          null,
          null,
          1,
          3,
          3,
          null,
          null,
          null,
          null,
          1,
          1,
          1,
          1,
          null,
          0,
          null,
          1,
          null,
          null,
          null,
          null,
          1,
          2,
          2,
          1,
          1,
          null,
          1,
          1,
          null,
          null,
          null,
          1,
          null,
          1,
          2,
          null,
          null
        ]
      },
      "/home/pravin-karale/pravin/assignments/arrk/ISP/app/controllers/application_controller.rb": {
        "lines": [
          1,
          null
        ]
      },
      "/home/pravin-karale/pravin/assignments/arrk/ISP/app/models/provider.rb": {
        "lines": [
          1,
          null,
          1,
          null,
          1,
          3,
          1,
          1,
          0,
          0,
          null,
          null,
          null,
          null,
          1,
          5,
          5,
          5,
          null,
          null,
          null
        ]
      },
      "/home/pravin-karale/pravin/assignments/arrk/ISP/app/models/application_record.rb": {
        "lines": [
          1,
          1,
          null
        ]
      }
    },
    "timestamp": 1599431750
  }
}
